This file contains any messages produced by compilers while
running configure, to aid debugging if configure makes a mistake.

It was created by scrum_clock configure 0.1, which was
generated by GNU Autoconf 2.64.  Invocation command line was

  $ ./configure 

## --------- ##
## Platform. ##
## --------- ##

hostname = eton
uname -m = i686
uname -r = 2.6.31-20-generic
uname -s = Linux
uname -v = #58-Ubuntu SMP Fri Mar 12 05:23:09 UTC 2010

/usr/bin/uname -p = unknown
/bin/uname -X     = unknown

/bin/arch              = unknown
/usr/bin/arch -k       = unknown
/usr/convex/getsysinfo = unknown
/usr/bin/hostinfo      = unknown
/bin/machine           = unknown
/usr/bin/oslevel       = unknown
/bin/universe          = unknown

PATH: /var/lib/gems/1.8/bin
PATH: /home/diego/bin
PATH: /usr/local/sbin
PATH: /usr/local/bin
PATH: /usr/sbin
PATH: /usr/bin
PATH: /sbin
PATH: /bin
PATH: /usr/games


## ----------- ##
## Core tests. ##
## ----------- ##

configure:2533: checking for a BSD-compatible install
configure:2601: result: /usr/bin/install -c
configure:2612: checking whether build environment is sane
configure:2662: result: yes
configure:2803: checking for a thread-safe mkdir -p
configure:2842: result: /bin/mkdir -p
configure:2855: checking for gawk
configure:2885: result: no
configure:2855: checking for mawk
configure:2871: found /usr/bin/mawk
configure:2882: result: mawk
configure:2893: checking whether make sets $(MAKE)
configure:2915: result: yes
configure:2998: checking whether to enable maintainer-specific portions of Makefiles
configure:3007: result: no
configure:3033: checking for style of include used by make
configure:3061: result: GNU
configure:3131: checking for gcc
configure:3147: found /usr/bin/gcc
configure:3158: result: gcc
configure:3387: checking for C compiler version
configure:3396: gcc --version >&5
gcc (Ubuntu 4.4.1-4ubuntu9) 4.4.1
Copyright (C) 2009 Free Software Foundation, Inc.
This is free software; see the source for copying conditions.  There is NO
warranty; not even for MERCHANTABILITY or FITNESS FOR A PARTICULAR PURPOSE.

configure:3407: $? = 0
configure:3396: gcc -v >&5
Using built-in specs.
Target: i486-linux-gnu
Configured with: ../src/configure -v --with-pkgversion='Ubuntu 4.4.1-4ubuntu9' --with-bugurl=file:///usr/share/doc/gcc-4.4/README.Bugs --enable-languages=c,c++,fortran,objc,obj-c++ --prefix=/usr --enable-shared --enable-multiarch --enable-linker-build-id --with-system-zlib --libexecdir=/usr/lib --without-included-gettext --enable-threads=posix --with-gxx-include-dir=/usr/include/c++/4.4 --program-suffix=-4.4 --enable-nls --enable-clocale=gnu --enable-libstdcxx-debug --enable-objc-gc --enable-targets=all --disable-werror --with-arch-32=i486 --with-tune=generic --enable-checking=release --build=i486-linux-gnu --host=i486-linux-gnu --target=i486-linux-gnu
Thread model: posix
gcc version 4.4.1 (Ubuntu 4.4.1-4ubuntu9) 
configure:3407: $? = 0
configure:3396: gcc -V >&5
gcc: '-V' option must have argument
configure:3407: $? = 1
configure:3396: gcc -qversion >&5
gcc: unrecognized option '-qversion'
gcc: no input files
configure:3407: $? = 1
configure:3429: checking for C compiler default output file name
configure:3451: gcc    conftest.c  >&5
configure:3455: $? = 0
configure:3492: result: a.out
configure:3508: checking whether the C compiler works
configure:3517: ./a.out
configure:3521: $? = 0
configure:3536: result: yes
configure:3543: checking whether we are cross compiling
configure:3545: result: no
configure:3548: checking for suffix of executables
configure:3555: gcc -o conftest    conftest.c  >&5
configure:3559: $? = 0
configure:3581: result: 
configure:3587: checking for suffix of object files
configure:3609: gcc -c   conftest.c >&5
configure:3613: $? = 0
configure:3634: result: o
configure:3638: checking whether we are using the GNU C compiler
configure:3657: gcc -c   conftest.c >&5
configure:3657: $? = 0
configure:3666: result: yes
configure:3675: checking whether gcc accepts -g
configure:3695: gcc -c -g  conftest.c >&5
configure:3695: $? = 0
configure:3736: result: yes
configure:3753: checking for gcc option to accept ISO C89
configure:3817: gcc  -c -g -O2  conftest.c >&5
configure:3817: $? = 0
configure:3830: result: none needed
configure:3852: checking dependency style of gcc
configure:3962: result: gcc3
configure:3978: checking for library containing strerror
configure:4009: gcc -o conftest -g -O2   conftest.c  >&5
configure:4009: $? = 0
configure:4026: result: none required
configure:4092: checking for g++
configure:4108: found /usr/bin/g++
configure:4119: result: g++
configure:4146: checking for C++ compiler version
configure:4155: g++ --version >&5
g++ (Ubuntu 4.4.1-4ubuntu9) 4.4.1
Copyright (C) 2009 Free Software Foundation, Inc.
This is free software; see the source for copying conditions.  There is NO
warranty; not even for MERCHANTABILITY or FITNESS FOR A PARTICULAR PURPOSE.

configure:4166: $? = 0
configure:4155: g++ -v >&5
Using built-in specs.
Target: i486-linux-gnu
Configured with: ../src/configure -v --with-pkgversion='Ubuntu 4.4.1-4ubuntu9' --with-bugurl=file:///usr/share/doc/gcc-4.4/README.Bugs --enable-languages=c,c++,fortran,objc,obj-c++ --prefix=/usr --enable-shared --enable-multiarch --enable-linker-build-id --with-system-zlib --libexecdir=/usr/lib --without-included-gettext --enable-threads=posix --with-gxx-include-dir=/usr/include/c++/4.4 --program-suffix=-4.4 --enable-nls --enable-clocale=gnu --enable-libstdcxx-debug --enable-objc-gc --enable-targets=all --disable-werror --with-arch-32=i486 --with-tune=generic --enable-checking=release --build=i486-linux-gnu --host=i486-linux-gnu --target=i486-linux-gnu
Thread model: posix
gcc version 4.4.1 (Ubuntu 4.4.1-4ubuntu9) 
configure:4166: $? = 0
configure:4155: g++ -V >&5
g++: '-V' option must have argument
configure:4166: $? = 1
configure:4155: g++ -qversion >&5
g++: unrecognized option '-qversion'
g++: no input files
configure:4166: $? = 1
configure:4170: checking whether we are using the GNU C++ compiler
configure:4189: g++ -c   conftest.cpp >&5
configure:4189: $? = 0
configure:4198: result: yes
configure:4207: checking whether g++ accepts -g
configure:4227: g++ -c -g  conftest.cpp >&5
configure:4227: $? = 0
configure:4268: result: yes
configure:4293: checking dependency style of g++
configure:4403: result: gcc3
configure:4466: checking for gcc
configure:4493: result: gcc
configure:4722: checking for C compiler version
configure:4731: gcc --version >&5
gcc (Ubuntu 4.4.1-4ubuntu9) 4.4.1
Copyright (C) 2009 Free Software Foundation, Inc.
This is free software; see the source for copying conditions.  There is NO
warranty; not even for MERCHANTABILITY or FITNESS FOR A PARTICULAR PURPOSE.

configure:4742: $? = 0
configure:4731: gcc -v >&5
Using built-in specs.
Target: i486-linux-gnu
Configured with: ../src/configure -v --with-pkgversion='Ubuntu 4.4.1-4ubuntu9' --with-bugurl=file:///usr/share/doc/gcc-4.4/README.Bugs --enable-languages=c,c++,fortran,objc,obj-c++ --prefix=/usr --enable-shared --enable-multiarch --enable-linker-build-id --with-system-zlib --libexecdir=/usr/lib --without-included-gettext --enable-threads=posix --with-gxx-include-dir=/usr/include/c++/4.4 --program-suffix=-4.4 --enable-nls --enable-clocale=gnu --enable-libstdcxx-debug --enable-objc-gc --enable-targets=all --disable-werror --with-arch-32=i486 --with-tune=generic --enable-checking=release --build=i486-linux-gnu --host=i486-linux-gnu --target=i486-linux-gnu
Thread model: posix
gcc version 4.4.1 (Ubuntu 4.4.1-4ubuntu9) 
configure:4742: $? = 0
configure:4731: gcc -V >&5
gcc: '-V' option must have argument
configure:4742: $? = 1
configure:4731: gcc -qversion >&5
gcc: unrecognized option '-qversion'
gcc: no input files
configure:4742: $? = 1
configure:4746: checking whether we are using the GNU C compiler
configure:4774: result: yes
configure:4783: checking whether gcc accepts -g
configure:4844: result: yes
configure:4861: checking for gcc option to accept ISO C89
configure:4938: result: none needed
configure:4960: checking dependency style of gcc
configure:5070: result: gcc3
configure:5093: checking how to run the C preprocessor
configure:5124: gcc -E  conftest.c
configure:5124: $? = 0
configure:5138: gcc -E  conftest.c
conftest.c:11:28: error: ac_nonexistent.h: No such file or directory
configure:5138: $? = 1
configure: failed program was:
| /* confdefs.h */
| #define PACKAGE_NAME "scrum_clock"
| #define PACKAGE_TARNAME "scrum_clock"
| #define PACKAGE_VERSION "0.1"
| #define PACKAGE_STRING "scrum_clock 0.1"
| #define PACKAGE_BUGREPORT ""
| #define PACKAGE_URL ""
| #define PACKAGE "scrum_clock"
| #define VERSION "0.1"
| /* end confdefs.h.  */
| #include <ac_nonexistent.h>
configure:5163: result: gcc -E
configure:5183: gcc -E  conftest.c
configure:5183: $? = 0
configure:5197: gcc -E  conftest.c
conftest.c:11:28: error: ac_nonexistent.h: No such file or directory
configure:5197: $? = 1
configure: failed program was:
| /* confdefs.h */
| #define PACKAGE_NAME "scrum_clock"
| #define PACKAGE_TARNAME "scrum_clock"
| #define PACKAGE_VERSION "0.1"
| #define PACKAGE_STRING "scrum_clock 0.1"
| #define PACKAGE_BUGREPORT ""
| #define PACKAGE_URL ""
| #define PACKAGE "scrum_clock"
| #define VERSION "0.1"
| /* end confdefs.h.  */
| #include <ac_nonexistent.h>
configure:5226: checking for grep that handles long lines and -e
configure:5284: result: /bin/grep
configure:5289: checking for egrep
configure:5351: result: /bin/grep -E
configure:5356: checking for ANSI C header files
configure:5376: gcc -c -g -O2  conftest.c >&5
configure:5376: $? = 0
configure:5449: gcc -o conftest -g -O2   conftest.c  >&5
configure:5449: $? = 0
configure:5449: ./conftest
configure:5449: $? = 0
configure:5460: result: yes
configure:5484: checking for sys/types.h
configure:5484: gcc -c -g -O2  conftest.c >&5
configure:5484: $? = 0
configure:5484: result: yes
configure:5484: checking for sys/stat.h
configure:5484: gcc -c -g -O2  conftest.c >&5
configure:5484: $? = 0
configure:5484: result: yes
configure:5484: checking for stdlib.h
configure:5484: gcc -c -g -O2  conftest.c >&5
configure:5484: $? = 0
configure:5484: result: yes
configure:5484: checking for string.h
configure:5484: gcc -c -g -O2  conftest.c >&5
configure:5484: $? = 0
configure:5484: result: yes
configure:5484: checking for memory.h
configure:5484: gcc -c -g -O2  conftest.c >&5
configure:5484: $? = 0
configure:5484: result: yes
configure:5484: checking for strings.h
configure:5484: gcc -c -g -O2  conftest.c >&5
configure:5484: $? = 0
configure:5484: result: yes
configure:5484: checking for inttypes.h
configure:5484: gcc -c -g -O2  conftest.c >&5
configure:5484: $? = 0
configure:5484: result: yes
configure:5484: checking for stdint.h
configure:5484: gcc -c -g -O2  conftest.c >&5
configure:5484: $? = 0
configure:5484: result: yes
configure:5484: checking for unistd.h
configure:5484: gcc -c -g -O2  conftest.c >&5
configure:5484: $? = 0
configure:5484: result: yes
configure:5500: checking locale.h usability
configure:5500: gcc -c -g -O2  conftest.c >&5
configure:5500: $? = 0
configure:5500: result: yes
configure:5500: checking locale.h presence
configure:5500: gcc -E  conftest.c
configure:5500: $? = 0
configure:5500: result: yes
configure:5500: checking for locale.h
configure:5500: result: yes
configure:5511: checking for LC_MESSAGES
configure:5527: gcc -o conftest -g -O2   conftest.c  >&5
configure:5527: $? = 0
configure:5535: result: yes
configure:5552: checking libintl.h usability
configure:5552: gcc -c -g -O2  conftest.c >&5
configure:5552: $? = 0
configure:5552: result: yes
configure:5552: checking libintl.h presence
configure:5552: gcc -E  conftest.c
configure:5552: $? = 0
configure:5552: result: yes
configure:5552: checking for libintl.h
configure:5552: result: yes
configure:5560: checking for ngettext in libc
configure:5578: gcc -o conftest -g -O2   conftest.c  >&5
configure:5578: $? = 0
configure:5587: result: yes
configure:5591: checking for dgettext in libc
configure:5609: gcc -o conftest -g -O2   conftest.c  >&5
configure:5609: $? = 0
configure:5618: result: yes
configure:5625: checking for bind_textdomain_codeset
configure:5625: gcc -o conftest -g -O2   conftest.c  >&5
configure:5625: $? = 0
configure:5625: result: yes
configure:5901: checking for msgfmt
configure:5928: result: /usr/bin/msgfmt
configure:5939: checking for dcgettext
configure:5939: gcc -o conftest -g -O2   conftest.c   >&5
conftest.c:49: warning: conflicting types for built-in function 'dcgettext'
configure:5939: $? = 0
configure:5939: result: yes
configure:5949: checking if msgfmt accepts -c
configure:5964: $MSGFMT -c -o /dev/null conftest.foo
configure:5967: $? = 0
configure:5969: result: yes
configure:5979: checking for gmsgfmt
configure:6010: result: /usr/bin/msgfmt
configure:6020: checking for xgettext
configure:6047: result: /usr/bin/xgettext
configure:6066: gcc -o conftest -g -O2   conftest.c   >&5
configure:6066: $? = 0
configure:6202: checking whether NLS is requested
configure:6211: result: yes
configure:6226: checking for intltool >= 0.35.0
configure:6233: result: 0.41.0 found
configure:6241: checking for intltool-update
configure:6259: found /usr/bin/intltool-update
configure:6271: result: /usr/bin/intltool-update
configure:6281: checking for intltool-merge
configure:6299: found /usr/bin/intltool-merge
configure:6311: result: /usr/bin/intltool-merge
configure:6321: checking for intltool-extract
configure:6339: found /usr/bin/intltool-extract
configure:6351: result: /usr/bin/intltool-extract
configure:6482: checking for xgettext
configure:6512: result: /usr/bin/xgettext
configure:6522: checking for msgmerge
configure:6540: found /usr/bin/msgmerge
configure:6552: result: /usr/bin/msgmerge
configure:6562: checking for msgfmt
configure:6592: result: /usr/bin/msgfmt
configure:6602: checking for gmsgfmt
configure:6633: result: /usr/bin/msgfmt
configure:6653: checking for perl
configure:6671: found /usr/bin/perl
configure:6683: result: /usr/bin/perl
configure:6694: checking for perl >= 5.8.1
configure:6701: result: 5.10.0
configure:6705: checking for XML::Parser
configure:6708: result: ok
configure:6791: checking build system type
configure:6805: result: i686-pc-linux-gnu
configure:6825: checking host system type
configure:6838: result: i686-pc-linux-gnu
configure:6858: checking for a sed that does not truncate output
configure:6922: result: /bin/sed
configure:6940: checking for fgrep
configure:7002: result: /bin/grep -F
configure:7037: checking for ld used by gcc
configure:7104: result: /usr/bin/ld
configure:7111: checking if the linker (/usr/bin/ld) is GNU ld
configure:7126: result: yes
configure:7138: checking for BSD- or MS-compatible name lister (nm)
configure:7187: result: /usr/bin/nm -B
configure:7305: checking the name lister (/usr/bin/nm -B) interface
configure:7312: gcc -c -g -O2  conftest.c >&5
configure:7315: /usr/bin/nm -B "conftest.o"
configure:7318: output
00000000 B some_variable
configure:7325: result: BSD nm
configure:7328: checking whether ln -s works
configure:7332: result: yes
configure:7340: checking the maximum length of command line arguments
configure:7460: result: 1572864
configure:7477: checking whether the shell understands some XSI constructs
configure:7487: result: yes
configure:7491: checking whether the shell understands "+="
configure:7497: result: yes
configure:7532: checking for /usr/bin/ld option to reload object files
configure:7539: result: -r
configure:7608: checking for objdump
configure:7624: found /usr/bin/objdump
configure:7635: result: objdump
configure:7667: checking how to recognize dependent libraries
configure:7863: result: pass_all
configure:7923: checking for ar
configure:7939: found /usr/bin/ar
configure:7950: result: ar
configure:8028: checking for strip
configure:8044: found /usr/bin/strip
configure:8055: result: strip
configure:8127: checking for ranlib
configure:8143: found /usr/bin/ranlib
configure:8154: result: ranlib
configure:8244: checking command to parse /usr/bin/nm -B output from gcc object
configure:8362: gcc -c -g -O2  conftest.c >&5
configure:8365: $? = 0
configure:8369: /usr/bin/nm -B conftest.o \| sed -n -e 's/^.*[	 ]\([ABCDGIRSTW][ABCDGIRSTW]*\)[	 ][	 ]*\([_A-Za-z][_A-Za-z0-9]*\)$/\1 \2 \2/p' \> conftest.nm
configure:8372: $? = 0
configure:8426: gcc -o conftest -g -O2   conftest.c conftstm.o >&5
configure:8429: $? = 0
configure:8467: result: ok
configure:9272: checking for dlfcn.h
configure:9272: gcc -c -g -O2  conftest.c >&5
configure:9272: $? = 0
configure:9272: result: yes
configure:9397: checking for C++ compiler version
configure:9406: g++ --version >&5
g++ (Ubuntu 4.4.1-4ubuntu9) 4.4.1
Copyright (C) 2009 Free Software Foundation, Inc.
This is free software; see the source for copying conditions.  There is NO
warranty; not even for MERCHANTABILITY or FITNESS FOR A PARTICULAR PURPOSE.

configure:9417: $? = 0
configure:9406: g++ -v >&5
Using built-in specs.
Target: i486-linux-gnu
Configured with: ../src/configure -v --with-pkgversion='Ubuntu 4.4.1-4ubuntu9' --with-bugurl=file:///usr/share/doc/gcc-4.4/README.Bugs --enable-languages=c,c++,fortran,objc,obj-c++ --prefix=/usr --enable-shared --enable-multiarch --enable-linker-build-id --with-system-zlib --libexecdir=/usr/lib --without-included-gettext --enable-threads=posix --with-gxx-include-dir=/usr/include/c++/4.4 --program-suffix=-4.4 --enable-nls --enable-clocale=gnu --enable-libstdcxx-debug --enable-objc-gc --enable-targets=all --disable-werror --with-arch-32=i486 --with-tune=generic --enable-checking=release --build=i486-linux-gnu --host=i486-linux-gnu --target=i486-linux-gnu
Thread model: posix
gcc version 4.4.1 (Ubuntu 4.4.1-4ubuntu9) 
configure:9417: $? = 0
configure:9406: g++ -V >&5
g++: '-V' option must have argument
configure:9417: $? = 1
configure:9406: g++ -qversion >&5
g++: unrecognized option '-qversion'
g++: no input files
configure:9417: $? = 1
configure:9421: checking whether we are using the GNU C++ compiler
configure:9449: result: yes
configure:9458: checking whether g++ accepts -g
configure:9519: result: yes
configure:9544: checking dependency style of g++
configure:9654: result: gcc3
configure:9677: checking how to run the C++ preprocessor
configure:9704: g++ -E  conftest.cpp
configure:9704: $? = 0
configure:9718: g++ -E  conftest.cpp
conftest.cpp:29:28: error: ac_nonexistent.h: No such file or directory
configure:9718: $? = 1
configure: failed program was:
| /* confdefs.h */
| #define PACKAGE_NAME "scrum_clock"
| #define PACKAGE_TARNAME "scrum_clock"
| #define PACKAGE_VERSION "0.1"
| #define PACKAGE_STRING "scrum_clock 0.1"
| #define PACKAGE_BUGREPORT ""
| #define PACKAGE_URL ""
| #define PACKAGE "scrum_clock"
| #define VERSION "0.1"
| #define STDC_HEADERS 1
| #define GETTEXT_PACKAGE "scrum_clock"
| #define HAVE_SYS_TYPES_H 1
| #define HAVE_SYS_STAT_H 1
| #define HAVE_STDLIB_H 1
| #define HAVE_STRING_H 1
| #define HAVE_MEMORY_H 1
| #define HAVE_STRINGS_H 1
| #define HAVE_INTTYPES_H 1
| #define HAVE_STDINT_H 1
| #define HAVE_UNISTD_H 1
| #define HAVE_LOCALE_H 1
| #define HAVE_LC_MESSAGES 1
| #define HAVE_BIND_TEXTDOMAIN_CODESET 1
| #define HAVE_GETTEXT 1
| #define HAVE_DCGETTEXT 1
| #define ENABLE_NLS 1
| #define HAVE_DLFCN_H 1
| /* end confdefs.h.  */
| #include <ac_nonexistent.h>
configure:9743: result: g++ -E
configure:9763: g++ -E  conftest.cpp
configure:9763: $? = 0
configure:9777: g++ -E  conftest.cpp
conftest.cpp:29:28: error: ac_nonexistent.h: No such file or directory
configure:9777: $? = 1
configure: failed program was:
| /* confdefs.h */
| #define PACKAGE_NAME "scrum_clock"
| #define PACKAGE_TARNAME "scrum_clock"
| #define PACKAGE_VERSION "0.1"
| #define PACKAGE_STRING "scrum_clock 0.1"
| #define PACKAGE_BUGREPORT ""
| #define PACKAGE_URL ""
| #define PACKAGE "scrum_clock"
| #define VERSION "0.1"
| #define STDC_HEADERS 1
| #define GETTEXT_PACKAGE "scrum_clock"
| #define HAVE_SYS_TYPES_H 1
| #define HAVE_SYS_STAT_H 1
| #define HAVE_STDLIB_H 1
| #define HAVE_STRING_H 1
| #define HAVE_MEMORY_H 1
| #define HAVE_STRINGS_H 1
| #define HAVE_INTTYPES_H 1
| #define HAVE_STDINT_H 1
| #define HAVE_UNISTD_H 1
| #define HAVE_LOCALE_H 1
| #define HAVE_LC_MESSAGES 1
| #define HAVE_BIND_TEXTDOMAIN_CODESET 1
| #define HAVE_GETTEXT 1
| #define HAVE_DCGETTEXT 1
| #define ENABLE_NLS 1
| #define HAVE_DLFCN_H 1
| /* end confdefs.h.  */
| #include <ac_nonexistent.h>
configure:9983: checking for objdir
configure:9998: result: .libs
configure:10290: checking if gcc supports -fno-rtti -fno-exceptions
configure:10308: gcc -c -g -O2  -fno-rtti -fno-exceptions conftest.c >&5
cc1: warning: command line option "-fno-rtti" is valid for C++/ObjC++ but not for C
configure:10312: $? = 0
configure:10325: result: no
configure:10345: checking for gcc option to produce PIC
configure:10617: result: -fPIC -DPIC
configure:10629: checking if gcc PIC flag -fPIC -DPIC works
configure:10647: gcc -c -g -O2  -fPIC -DPIC -DPIC conftest.c >&5
configure:10651: $? = 0
configure:10664: result: yes
configure:10688: checking if gcc static flag -static works
configure:10716: result: yes
configure:10731: checking if gcc supports -c -o file.o
configure:10752: gcc -c -g -O2  -o out/conftest2.o conftest.c >&5
configure:10756: $? = 0
configure:10778: result: yes
configure:10786: checking if gcc supports -c -o file.o
configure:10833: result: yes
configure:10866: checking whether the gcc linker (/usr/bin/ld) supports shared libraries
configure:11856: result: yes
configure:11893: checking whether -lc should be explicitly linked in
configure:11898: gcc -c -g -O2  conftest.c >&5
configure:11901: $? = 0
configure:11916: gcc -shared conftest.o  -v -Wl,-soname -Wl,conftest -o conftest 2\>\&1 \| /bin/grep  -lc  \>/dev/null 2\>\&1
configure:11919: $? = 0
configure:11931: result: no
configure:12095: checking dynamic linker characteristics
configure:12528: gcc -o conftest -g -O2   -Wl,-rpath -Wl,/foo conftest.c  >&5
configure:12528: $? = 0
configure:12758: result: GNU/Linux ld.so
configure:12860: checking how to hardcode library paths into programs
configure:12885: result: immediate
configure:13405: checking whether stripping libraries is possible
configure:13410: result: yes
configure:13445: checking if libtool supports shared libraries
configure:13447: result: yes
configure:13450: checking whether to build shared libraries
configure:13471: result: yes
configure:13474: checking whether to build static libraries
configure:13478: result: yes
configure:13628: checking for ld used by g++
configure:13695: result: /usr/bin/ld
configure:13702: checking if the linker (/usr/bin/ld) is GNU ld
configure:13717: result: yes
configure:13772: checking whether the g++ linker (/usr/bin/ld) supports shared libraries
configure:14685: result: yes
configure:14713: g++ -c -g -O2  conftest.cpp >&5
configure:14716: $? = 0
configure:14898: checking for g++ option to produce PIC
configure:15215: result: -fPIC -DPIC
configure:15224: checking if g++ PIC flag -fPIC -DPIC works
configure:15242: g++ -c -g -O2  -fPIC -DPIC -DPIC conftest.cpp >&5
configure:15246: $? = 0
configure:15259: result: yes
configure:15280: checking if g++ static flag -static works
configure:15308: result: yes
configure:15320: checking if g++ supports -c -o file.o
configure:15341: g++ -c -g -O2  -o out/conftest2.o conftest.cpp >&5
configure:15345: $? = 0
configure:15367: result: yes
configure:15372: checking if g++ supports -c -o file.o
configure:15419: result: yes
configure:15449: checking whether the g++ linker (/usr/bin/ld) supports shared libraries
configure:15478: result: yes
configure:15615: checking dynamic linker characteristics
configure:15996: g++ -o conftest -g -O2   -Wl,-rpath -Wl,/foo conftest.cpp  >&5
configure:15996: $? = 0
configure:16226: result: GNU/Linux ld.so
configure:16277: checking how to hardcode library paths into programs
configure:16302: result: immediate
configure:16412: checking for pkg-config
configure:16430: found /usr/bin/pkg-config
configure:16442: result: /usr/bin/pkg-config
configure:16467: checking pkg-config is at least version 0.9.0
configure:16470: result: yes
configure:16481: checking for SCRUM_CLOCK
configure:16489: $PKG_CONFIG --exists --print-errors "gtkmm-2.4 >= 2.12    "
configure:16492: $? = 0
configure:16507: $PKG_CONFIG --exists --print-errors "gtkmm-2.4 >= 2.12    "
configure:16510: $? = 0
configure:16565: result: yes
configure:16589: checking gtk-doc version >= 1.0
configure:16596: result: no
configure:16768: creating ./config.status

## ---------------------- ##
## Running config.status. ##
## ---------------------- ##

This file was extended by scrum_clock config.status 0.1, which was
generated by GNU Autoconf 2.64.  Invocation command line was

  CONFIG_FILES    = 
  CONFIG_HEADERS  = 
  CONFIG_LINKS    = 
  CONFIG_COMMANDS = 
  $ ./config.status 

on eton

config.status:1205: creating Makefile
config.status:1205: creating src/Makefile
config.status:1205: creating po/Makefile.in
config.status:1205: creating config.h
config.status:1377: config.h is unchanged
config.status:1425: executing depfiles commands
config.status:1425: executing default-1 commands
config.status:1425: executing libtool commands
config.status:1425: executing po/stamp-it commands

## ---------------- ##
## Cache variables. ##
## ---------------- ##

ac_cv_build=i686-pc-linux-gnu
ac_cv_c_compiler_gnu=yes
ac_cv_cxx_compiler_gnu=yes
ac_cv_env_CCC_set=
ac_cv_env_CCC_value=
ac_cv_env_CC_set=
ac_cv_env_CC_value=
ac_cv_env_CFLAGS_set=
ac_cv_env_CFLAGS_value=
ac_cv_env_CPPFLAGS_set=
ac_cv_env_CPPFLAGS_value=
ac_cv_env_CPP_set=
ac_cv_env_CPP_value=
ac_cv_env_CXXCPP_set=
ac_cv_env_CXXCPP_value=
ac_cv_env_CXXFLAGS_set=
ac_cv_env_CXXFLAGS_value=
ac_cv_env_CXX_set=
ac_cv_env_CXX_value=
ac_cv_env_LDFLAGS_set=
ac_cv_env_LDFLAGS_value=
ac_cv_env_LIBS_set=
ac_cv_env_LIBS_value=
ac_cv_env_PKG_CONFIG_set=
ac_cv_env_PKG_CONFIG_value=
ac_cv_env_SCRUM_CLOCK_CFLAGS_set=
ac_cv_env_SCRUM_CLOCK_CFLAGS_value=
ac_cv_env_SCRUM_CLOCK_LIBS_set=
ac_cv_env_SCRUM_CLOCK_LIBS_value=
ac_cv_env_build_alias_set=
ac_cv_env_build_alias_value=
ac_cv_env_host_alias_set=
ac_cv_env_host_alias_value=
ac_cv_env_target_alias_set=
ac_cv_env_target_alias_value=
ac_cv_func_bind_textdomain_codeset=yes
ac_cv_func_dcgettext=yes
ac_cv_header_dlfcn_h=yes
ac_cv_header_inttypes_h=yes
ac_cv_header_libintl_h=yes
ac_cv_header_locale_h=yes
ac_cv_header_memory_h=yes
ac_cv_header_stdc=yes
ac_cv_header_stdint_h=yes
ac_cv_header_stdlib_h=yes
ac_cv_header_string_h=yes
ac_cv_header_strings_h=yes
ac_cv_header_sys_stat_h=yes
ac_cv_header_sys_types_h=yes
ac_cv_header_unistd_h=yes
ac_cv_host=i686-pc-linux-gnu
ac_cv_objext=o
ac_cv_path_EGREP='/bin/grep -E'
ac_cv_path_FGREP='/bin/grep -F'
ac_cv_path_GMSGFMT=/usr/bin/msgfmt
ac_cv_path_GREP=/bin/grep
ac_cv_path_INTLTOOL_EXTRACT=/usr/bin/intltool-extract
ac_cv_path_INTLTOOL_MERGE=/usr/bin/intltool-merge
ac_cv_path_INTLTOOL_PERL=/usr/bin/perl
ac_cv_path_INTLTOOL_UPDATE=/usr/bin/intltool-update
ac_cv_path_MSGFMT=/usr/bin/msgfmt
ac_cv_path_MSGMERGE=/usr/bin/msgmerge
ac_cv_path_SED=/bin/sed
ac_cv_path_XGETTEXT=/usr/bin/xgettext
ac_cv_path_ac_pt_PKG_CONFIG=/usr/bin/pkg-config
ac_cv_path_install='/usr/bin/install -c'
ac_cv_path_mkdir=/bin/mkdir
ac_cv_prog_AWK=mawk
ac_cv_prog_CPP='gcc -E'
ac_cv_prog_CXXCPP='g++ -E'
ac_cv_prog_ac_ct_AR=ar
ac_cv_prog_ac_ct_CC=gcc
ac_cv_prog_ac_ct_CXX=g++
ac_cv_prog_ac_ct_OBJDUMP=objdump
ac_cv_prog_ac_ct_RANLIB=ranlib
ac_cv_prog_ac_ct_STRIP=strip
ac_cv_prog_cc_c89=
ac_cv_prog_cc_g=yes
ac_cv_prog_cxx_g=yes
ac_cv_prog_make_make_set=yes
ac_cv_search_strerror='none required'
am_cv_CC_dependencies_compiler_type=gcc3
am_cv_CXX_dependencies_compiler_type=gcc3
am_cv_prog_cc_stdc=
am_cv_val_LC_MESSAGES=yes
gt_cv_func_dgettext_libc=yes
gt_cv_func_dgettext_libintl=no
gt_cv_func_ngettext_libc=yes
gt_cv_have_gettext=yes
lt_cv_deplibs_check_method=pass_all
lt_cv_file_magic_cmd='$MAGIC_CMD'
lt_cv_file_magic_test_file=
lt_cv_ld_reload_flag=-r
lt_cv_nm_interface='BSD nm'
lt_cv_objdir=.libs
lt_cv_path_LD=/usr/bin/ld
lt_cv_path_LDCXX=/usr/bin/ld
lt_cv_path_NM='/usr/bin/nm -B'
lt_cv_prog_compiler_c_o=yes
lt_cv_prog_compiler_c_o_CXX=yes
lt_cv_prog_compiler_pic_works=yes
lt_cv_prog_compiler_pic_works_CXX=yes
lt_cv_prog_compiler_rtti_exceptions=no
lt_cv_prog_compiler_static_works=yes
lt_cv_prog_compiler_static_works_CXX=yes
lt_cv_prog_gnu_ld=yes
lt_cv_prog_gnu_ldcxx=yes
lt_cv_sys_global_symbol_pipe='sed -n -e '\''s/^.*[	 ]\([ABCDGIRSTW][ABCDGIRSTW]*\)[	 ][	 ]*\([_A-Za-z][_A-Za-z0-9]*\)$/\1 \2 \2/p'\'''
lt_cv_sys_global_symbol_to_c_name_address='sed -n -e '\''s/^: \([^ ]*\) $/  {\"\1\", (void *) 0},/p'\'' -e '\''s/^[ABCDGIRSTW]* \([^ ]*\) \([^ ]*\)$/  {"\2", (void *) \&\2},/p'\'''
lt_cv_sys_global_symbol_to_c_name_address_lib_prefix='sed -n -e '\''s/^: \([^ ]*\) $/  {\"\1\", (void *) 0},/p'\'' -e '\''s/^[ABCDGIRSTW]* \([^ ]*\) \(lib[^ ]*\)$/  {"\2", (void *) \&\2},/p'\'' -e '\''s/^[ABCDGIRSTW]* \([^ ]*\) \([^ ]*\)$/  {"lib\2", (void *) \&\2},/p'\'''
lt_cv_sys_global_symbol_to_cdecl='sed -n -e '\''s/^T .* \(.*\)$/extern int \1();/p'\'' -e '\''s/^[ABCDGIRSTW]* .* \(.*\)$/extern char \1;/p'\'''
lt_cv_sys_max_cmd_len=1572864
pkg_cv_SCRUM_CLOCK_CFLAGS='-D_REENTRANT -I/usr/include/gtkmm-2.4 -I/usr/lib/gtkmm-2.4/include -I/usr/include/giomm-2.4 -I/usr/lib/giomm-2.4/include -I/usr/include/pangomm-1.4 -I/usr/lib/pangomm-1.4/include -I/usr/include/gtk-2.0 -I/usr/include/gtk-unix-print-2.0 -I/usr/include/atkmm-1.6 -I/usr/include/gdkmm-2.4 -I/usr/lib/gdkmm-2.4/include -I/usr/include/glibmm-2.4 -I/usr/lib/glibmm-2.4/include -I/usr/include/glib-2.0 -I/usr/lib/glib-2.0/include -I/usr/include/sigc++-2.0 -I/usr/lib/sigc++-2.0/include -I/usr/include/cairomm-1.0 -I/usr/include/pango-1.0 -I/usr/include/cairo -I/usr/include/pixman-1 -I/usr/include/freetype2 -I/usr/include/directfb -I/usr/include/libpng12 -I/usr/lib/gtk-2.0/include -I/usr/include/atk-1.0  '
pkg_cv_SCRUM_CLOCK_LIBS='-lgtkmm-2.4 -latkmm-1.6 -lgdkmm-2.4 -lgiomm-2.4 -lpangomm-1.4 -lgtk-x11-2.0 -lglibmm-2.4 -lcairomm-1.0 -lsigc-2.0 -lgdk-x11-2.0 -latk-1.0 -lpangoft2-1.0 -lgdk_pixbuf-2.0 -lm -lpangocairo-1.0 -lgio-2.0 -lcairo -lpango-1.0 -lfreetype -lfontconfig -lgobject-2.0 -lgmodule-2.0 -lglib-2.0  '

## ----------------- ##
## Output variables. ##
## ----------------- ##

ACLOCAL='${SHELL} /home/diego/scrum-clock/missing --run aclocal-1.11'
ALL_LINGUAS=''
AMDEPBACKSLASH='\'
AMDEP_FALSE='#'
AMDEP_TRUE=''
AMTAR='${SHELL} /home/diego/scrum-clock/missing --run tar'
AR='ar'
AUTOCONF='${SHELL} /home/diego/scrum-clock/missing --run autoconf'
AUTOHEADER='${SHELL} /home/diego/scrum-clock/missing --run autoheader'
AUTOMAKE='${SHELL} /home/diego/scrum-clock/missing --run automake-1.11'
AWK='mawk'
CATALOGS=''
CATOBJEXT='.gmo'
CC='gcc'
CCDEPMODE='depmode=gcc3'
CFLAGS='-g -O2'
CPP='gcc -E'
CPPFLAGS=''
CXX='g++'
CXXCPP='g++ -E'
CXXDEPMODE='depmode=gcc3'
CXXFLAGS='-g -O2'
CYGPATH_W='echo'
DATADIRNAME='share'
DEFS='-DHAVE_CONFIG_H'
DEPDIR='.deps'
DSYMUTIL=''
DUMPBIN=''
ECHO_C=''
ECHO_N='-n'
ECHO_T=''
EGREP='/bin/grep -E'
ENABLE_GTK_DOC_FALSE=''
ENABLE_GTK_DOC_TRUE='#'
EXEEXT=''
FGREP='/bin/grep -F'
GETTEXT_PACKAGE='scrum_clock'
GMOFILES=''
GMSGFMT='/usr/bin/msgfmt'
GREP='/bin/grep'
HTML_DIR='${datadir}/gtk-doc/html'
INSTALL_DATA='${INSTALL} -m 644'
INSTALL_PROGRAM='${INSTALL}'
INSTALL_SCRIPT='${INSTALL}'
INSTALL_STRIP_PROGRAM='$(install_sh) -c -s'
INSTOBJEXT='.mo'
INTLLIBS=''
INTLTOOL_CAVES_RULE='%.caves:     %.caves.in     $(INTLTOOL_MERGE) $(wildcard $(top_srcdir)/po/*.po) ; LC_ALL=C $(INTLTOOL_MERGE) -d -u -c $(top_builddir)/po/.intltool-merge-cache $(top_srcdir)/po $< $@'
INTLTOOL_DESKTOP_RULE='%.desktop:   %.desktop.in   $(INTLTOOL_MERGE) $(wildcard $(top_srcdir)/po/*.po) ; LC_ALL=C $(INTLTOOL_MERGE) -d -u -c $(top_builddir)/po/.intltool-merge-cache $(top_srcdir)/po $< $@'
INTLTOOL_DIRECTORY_RULE='%.directory: %.directory.in $(INTLTOOL_MERGE) $(wildcard $(top_srcdir)/po/*.po) ; LC_ALL=C $(INTLTOOL_MERGE) -d -u -c $(top_builddir)/po/.intltool-merge-cache $(top_srcdir)/po $< $@'
INTLTOOL_EXTRACT='/usr/bin/intltool-extract'
INTLTOOL_KBD_RULE='%.kbd:       %.kbd.in       $(INTLTOOL_MERGE) $(wildcard $(top_srcdir)/po/*.po) ; LC_ALL=C $(INTLTOOL_MERGE) -x -u -m -c $(top_builddir)/po/.intltool-merge-cache $(top_srcdir)/po $< $@'
INTLTOOL_KEYS_RULE='%.keys:      %.keys.in      $(INTLTOOL_MERGE) $(wildcard $(top_srcdir)/po/*.po) ; LC_ALL=C $(INTLTOOL_MERGE) -k -u -c $(top_builddir)/po/.intltool-merge-cache $(top_srcdir)/po $< $@'
INTLTOOL_MERGE='/usr/bin/intltool-merge'
INTLTOOL_OAF_RULE='%.oaf:       %.oaf.in       $(INTLTOOL_MERGE) $(wildcard $(top_srcdir)/po/*.po) ; LC_ALL=C $(INTLTOOL_MERGE) -o -p $(top_srcdir)/po $< $@'
INTLTOOL_PERL='/usr/bin/perl'
INTLTOOL_POLICY_RULE='%.policy:    %.policy.in    $(INTLTOOL_MERGE) $(wildcard $(top_srcdir)/po/*.po) ; LC_ALL=C $(INTLTOOL_MERGE) -x -u -c $(top_builddir)/po/.intltool-merge-cache $(top_srcdir)/po $< $@'
INTLTOOL_PONG_RULE='%.pong:      %.pong.in      $(INTLTOOL_MERGE) $(wildcard $(top_srcdir)/po/*.po) ; LC_ALL=C $(INTLTOOL_MERGE) -x -u -c $(top_builddir)/po/.intltool-merge-cache $(top_srcdir)/po $< $@'
INTLTOOL_PROP_RULE='%.prop:      %.prop.in      $(INTLTOOL_MERGE) $(wildcard $(top_srcdir)/po/*.po) ; LC_ALL=C $(INTLTOOL_MERGE) -d -u -c $(top_builddir)/po/.intltool-merge-cache $(top_srcdir)/po $< $@'
INTLTOOL_SCHEMAS_RULE='%.schemas:   %.schemas.in   $(INTLTOOL_MERGE) $(wildcard $(top_srcdir)/po/*.po) ; LC_ALL=C $(INTLTOOL_MERGE) -s -u -c $(top_builddir)/po/.intltool-merge-cache $(top_srcdir)/po $< $@'
INTLTOOL_SERVER_RULE='%.server:    %.server.in    $(INTLTOOL_MERGE) $(wildcard $(top_srcdir)/po/*.po) ; LC_ALL=C $(INTLTOOL_MERGE) -o -u -c $(top_builddir)/po/.intltool-merge-cache $(top_srcdir)/po $< $@'
INTLTOOL_SERVICE_RULE='%.service: %.service.in   $(INTLTOOL_MERGE) $(wildcard $(top_srcdir)/po/*.po) ; LC_ALL=C $(INTLTOOL_MERGE) -d -u -c $(top_builddir)/po/.intltool-merge-cache $(top_srcdir)/po $< $@'
INTLTOOL_SHEET_RULE='%.sheet:     %.sheet.in     $(INTLTOOL_MERGE) $(wildcard $(top_srcdir)/po/*.po) ; LC_ALL=C $(INTLTOOL_MERGE) -x -u -c $(top_builddir)/po/.intltool-merge-cache $(top_srcdir)/po $< $@'
INTLTOOL_SOUNDLIST_RULE='%.soundlist: %.soundlist.in $(INTLTOOL_MERGE) $(wildcard $(top_srcdir)/po/*.po) ; LC_ALL=C $(INTLTOOL_MERGE) -d -u -c $(top_builddir)/po/.intltool-merge-cache $(top_srcdir)/po $< $@'
INTLTOOL_THEME_RULE='%.theme:     %.theme.in     $(INTLTOOL_MERGE) $(wildcard $(top_srcdir)/po/*.po) ; LC_ALL=C $(INTLTOOL_MERGE) -d -u -c $(top_builddir)/po/.intltool-merge-cache $(top_srcdir)/po $< $@'
INTLTOOL_UI_RULE='%.ui:        %.ui.in        $(INTLTOOL_MERGE) $(wildcard $(top_srcdir)/po/*.po) ; LC_ALL=C $(INTLTOOL_MERGE) -x -u -c $(top_builddir)/po/.intltool-merge-cache $(top_srcdir)/po $< $@'
INTLTOOL_UPDATE='/usr/bin/intltool-update'
INTLTOOL_XAM_RULE='%.xam:       %.xml.in       $(INTLTOOL_MERGE) $(wildcard $(top_srcdir)/po/*.po) ; LC_ALL=C $(INTLTOOL_MERGE) -x -u -c $(top_builddir)/po/.intltool-merge-cache $(top_srcdir)/po $< $@'
INTLTOOL_XML_NOMERGE_RULE='%.xml:       %.xml.in       $(INTLTOOL_MERGE) ; LC_ALL=C $(INTLTOOL_MERGE) -x -u /tmp $< $@'
INTLTOOL_XML_RULE='%.xml:       %.xml.in       $(INTLTOOL_MERGE) $(wildcard $(top_srcdir)/po/*.po) ; LC_ALL=C $(INTLTOOL_MERGE) -x -u -c $(top_builddir)/po/.intltool-merge-cache $(top_srcdir)/po $< $@'
LD='/usr/bin/ld'
LDFLAGS=''
LIBOBJS=''
LIBS=''
LIBTOOL='$(SHELL) $(top_builddir)/libtool'
LIPO=''
LN_S='ln -s'
LTLIBOBJS=''
MAINT='#'
MAINTAINER_MODE_FALSE=''
MAINTAINER_MODE_TRUE='#'
MAKEINFO='${SHELL} /home/diego/scrum-clock/missing --run makeinfo'
MKDIR_P='/bin/mkdir -p'
MKINSTALLDIRS='./mkinstalldirs'
MSGFMT='/usr/bin/msgfmt'
MSGFMT_OPTS='-c'
MSGMERGE='/usr/bin/msgmerge'
NM='/usr/bin/nm -B'
NMEDIT=''
OBJDUMP='objdump'
OBJEXT='o'
OTOOL64=''
OTOOL=''
PACKAGE='scrum_clock'
PACKAGE_BUGREPORT=''
PACKAGE_NAME='scrum_clock'
PACKAGE_STRING='scrum_clock 0.1'
PACKAGE_TARNAME='scrum_clock'
PACKAGE_URL=''
PACKAGE_VERSION='0.1'
PATH_SEPARATOR=':'
PKG_CONFIG='/usr/bin/pkg-config'
POFILES=''
POSUB='po'
PO_IN_DATADIR_FALSE=''
PO_IN_DATADIR_TRUE=''
RANLIB='ranlib'
SCRUM_CLOCK_CFLAGS='-D_REENTRANT -I/usr/include/gtkmm-2.4 -I/usr/lib/gtkmm-2.4/include -I/usr/include/giomm-2.4 -I/usr/lib/giomm-2.4/include -I/usr/include/pangomm-1.4 -I/usr/lib/pangomm-1.4/include -I/usr/include/gtk-2.0 -I/usr/include/gtk-unix-print-2.0 -I/usr/include/atkmm-1.6 -I/usr/include/gdkmm-2.4 -I/usr/lib/gdkmm-2.4/include -I/usr/include/glibmm-2.4 -I/usr/lib/glibmm-2.4/include -I/usr/include/glib-2.0 -I/usr/lib/glib-2.0/include -I/usr/include/sigc++-2.0 -I/usr/lib/sigc++-2.0/include -I/usr/include/cairomm-1.0 -I/usr/include/pango-1.0 -I/usr/include/cairo -I/usr/include/pixman-1 -I/usr/include/freetype2 -I/usr/include/directfb -I/usr/include/libpng12 -I/usr/lib/gtk-2.0/include -I/usr/include/atk-1.0  '
SCRUM_CLOCK_LIBS='-lgtkmm-2.4 -latkmm-1.6 -lgdkmm-2.4 -lgiomm-2.4 -lpangomm-1.4 -lgtk-x11-2.0 -lglibmm-2.4 -lcairomm-1.0 -lsigc-2.0 -lgdk-x11-2.0 -latk-1.0 -lpangoft2-1.0 -lgdk_pixbuf-2.0 -lm -lpangocairo-1.0 -lgio-2.0 -lcairo -lpango-1.0 -lfreetype -lfontconfig -lgobject-2.0 -lgmodule-2.0 -lglib-2.0  '
SED='/bin/sed'
SET_MAKE=''
SHELL='/bin/bash'
STRIP='strip'
USE_NLS='yes'
VERSION='0.1'
XGETTEXT='/usr/bin/xgettext'
ac_ct_CC='gcc'
ac_ct_CXX='g++'
ac_ct_DUMPBIN=''
am__EXEEXT_FALSE=''
am__EXEEXT_TRUE='#'
am__fastdepCC_FALSE='#'
am__fastdepCC_TRUE=''
am__fastdepCXX_FALSE='#'
am__fastdepCXX_TRUE=''
am__include='include'
am__isrc=''
am__leading_dot='.'
am__quote=''
am__tar='${AMTAR} chof - "$$tardir"'
am__untar='${AMTAR} xf -'
bindir='${exec_prefix}/bin'
build='i686-pc-linux-gnu'
build_alias=''
build_cpu='i686'
build_os='linux-gnu'
build_vendor='pc'
datadir='${datarootdir}'
datarootdir='${prefix}/share'
docdir='${datarootdir}/doc/${PACKAGE_TARNAME}'
dvidir='${docdir}'
exec_prefix='${prefix}'
host='i686-pc-linux-gnu'
host_alias=''
host_cpu='i686'
host_os='linux-gnu'
host_vendor='pc'
htmldir='${docdir}'
includedir='${prefix}/include'
infodir='${datarootdir}/info'
install_sh='${SHELL} /home/diego/scrum-clock/install-sh'
libdir='${exec_prefix}/lib'
libexecdir='${exec_prefix}/libexec'
localedir='${datarootdir}/locale'
localstatedir='${prefix}/var'
lt_ECHO='echo'
mandir='${datarootdir}/man'
mkdir_p='/bin/mkdir -p'
oldincludedir='/usr/include'
pdfdir='${docdir}'
prefix='/usr/local'
program_transform_name='s,x,x,'
psdir='${docdir}'
sbindir='${exec_prefix}/sbin'
sharedstatedir='${prefix}/com'
sysconfdir='${prefix}/etc'
target_alias=''

## ----------- ##
## confdefs.h. ##
## ----------- ##

/* confdefs.h */
#define PACKAGE_NAME "scrum_clock"
#define PACKAGE_TARNAME "scrum_clock"
#define PACKAGE_VERSION "0.1"
#define PACKAGE_STRING "scrum_clock 0.1"
#define PACKAGE_BUGREPORT ""
#define PACKAGE_URL ""
#define PACKAGE "scrum_clock"
#define VERSION "0.1"
#define STDC_HEADERS 1
#define GETTEXT_PACKAGE "scrum_clock"
#define HAVE_SYS_TYPES_H 1
#define HAVE_SYS_STAT_H 1
#define HAVE_STDLIB_H 1
#define HAVE_STRING_H 1
#define HAVE_MEMORY_H 1
#define HAVE_STRINGS_H 1
#define HAVE_INTTYPES_H 1
#define HAVE_STDINT_H 1
#define HAVE_UNISTD_H 1
#define HAVE_LOCALE_H 1
#define HAVE_LC_MESSAGES 1
#define HAVE_BIND_TEXTDOMAIN_CODESET 1
#define HAVE_GETTEXT 1
#define HAVE_DCGETTEXT 1
#define ENABLE_NLS 1
#define HAVE_DLFCN_H 1
#define LT_OBJDIR ".libs/"

configure: exit 0
